<?xml version="1.0" encoding="UTF-8"?>
<testsuite name="cs361.battleships.models.BoardTest" time="0.101" tests="6" errors="0" skipped="0" failures="0">
  <properties>
[...]
</properties>
  <testcase name="testSurrender" classname="cs361.battleships.models.BoardTest" time="0.097"/>
  <testcase name="testRepeatedPlacement" classname="cs361.battleships.models.BoardTest" time="0"/>
  <testcase name="testValidPlacement" classname="cs361.battleships.models.BoardTest" time="0"/>
  <testcase name="testInvalidPlacement" classname="cs361.battleships.models.BoardTest" time="0.001"/>
  <testcase name="testInvalidAttack" classname="cs361.battleships.models.BoardTest" time="0.002"/>
  <testcase name="testRepeatedAttack" classname="cs361.battleships.models.BoardTest" time="0.001"/>
</testsuite>